Difference in record 'RESOURCE_NAME': Field 'field_id' - Version 1: '4482', Version 2: '2313'
Difference in record 'RESOURCE_NAME': Field 'version' - Version 1: '14', Version 2: '15'
Difference in record 'ENUM': Field 'field_id' - Version 1: '4494', Version 2: '2311'
Difference in record 'ENUM': Field 'enum_value' - Version 1: 'YOUTUBE_VIDEO', Version 2: 'UNSPECIFIED'
Difference in record 'ENUM': Field 'version' - Version 1: '14', Version 2: '15'
Difference in record 'BOOLEAN': Field 'field_id' - Version 1: '4144', Version 2: '2309'
Difference in record 'BOOLEAN': Field 'version' - Version 1: '14', Version 2: '15'
Difference in record 'INT64': Field 'field_id' - Version 1: '4476', Version 2: '2307'
Difference in record 'INT64': Field 'version' - Version 1: '14', Version 2: '15'
Difference in record 'DOUBLE': Field 'field_id' - Version 1: '4174', Version 2: '2291'
Difference in record 'DOUBLE': Field 'version' - Version 1: '14', Version 2: '15'
Difference in record 'STRING': Field 'field_id' - Version 1: '4497', Version 2: '2312'
Difference in record 'STRING': Field 'version' - Version 1: '14', Version 2: '15'
Difference in record 'MESSAGE': Field 'field_id' - Version 1: '4495', Version 2: '2288'
Difference in record 'MESSAGE': Field 'version' - Version 1: '14', Version 2: '15'
Difference in record 'DATE': Field 'field_id' - Version 1: '4488', Version 2: '2282'
Difference in record 'DATE': Field 'version' - Version 1: '14', Version 2: '15'
Difference in record 'INT32': Field 'field_id' - Version 1: '4163', Version 2: '1797'
Difference in record 'INT32': Field 'version' - Version 1: '14', Version 2: '15'
Difference in record 'FLOAT': Field 'field_id' - Version 1: '4069', Version 2: '1184'
Difference in record 'FLOAT': Field 'version' - Version 1: '14', Version 2: '15'
