Difference in record 'campaign_asset': Field 'id' - Version 1: '172', Version 2: '167'
Difference in record 'campaign_asset': Field 'version' - Version 1: '14', Version 2: '15'
Difference in record 'asset_group_product_group_view': Field 'id' - Version 1: '173', Version 2: '119'
Difference in record 'asset_group_product_group_view': Field 'version' - Version 1: '14', Version 2: '15'
Difference in record 'asset_field_type_view': Field 'id' - Version 1: '174', Version 2: '115'
Difference in record 'asset_field_type_view': Field 'version' - Version 1: '14', Version 2: '15'
Difference in record 'asset_set_asset': Field 'id' - Version 1: '175', Version 2: '120'
Difference in record 'asset_set_asset': Field 'version' - Version 1: '14', Version 2: '15'
Difference in record 'bidding_strategy': Field 'id' - Version 1: '176', Version 2: '114'
Difference in record 'bidding_strategy': Field 'version' - Version 1: '14', Version 2: '15'
Difference in record 'asset_set_type_view': Field 'id' - Version 1: '177', Version 2: '116'
Difference in record 'asset_set_type_view': Field 'version' - Version 1: '14', Version 2: '15'
Difference in record 'campaign': Field 'id' - Version 1: '178', Version 2: '121'
Difference in record 'campaign': Field 'version' - Version 1: '14', Version 2: '15'
Difference in record 'age_range_view': Field 'id' - Version 1: '179', Version 2: '122'
Difference in record 'age_range_view': Field 'version' - Version 1: '14', Version 2: '15'
Difference in record 'ad_group_audience_view': Field 'id' - Version 1: '180', Version 2: '126'
Difference in record 'ad_group_audience_view': Field 'version' - Version 1: '14', Version 2: '15'
Difference in record 'ad_group': Field 'id' - Version 1: '181', Version 2: '117'
Difference in record 'ad_group': Field 'version' - Version 1: '14', Version 2: '15'
Difference in record 'ad_group_asset': Field 'id' - Version 1: '182', Version 2: '125'
Difference in record 'ad_group_asset': Field 'version' - Version 1: '14', Version 2: '15'
Difference in record 'ad_schedule_view': Field 'id' - Version 1: '183', Version 2: '123'
Difference in record 'ad_schedule_view': Field 'version' - Version 1: '14', Version 2: '15'
Difference in record 'ad_group_ad_asset_view': Field 'id' - Version 1: '184', Version 2: '124'
Difference in record 'ad_group_ad_asset_view': Field 'version' - Version 1: '14', Version 2: '15'
Difference in record 'ad_group_ad_asset_combination_view': Field 'id' - Version 1: '185', Version 2: '133'
Difference in record 'ad_group_ad_asset_combination_view': Field 'version' - Version 1: '14', Version 2: '15'
Difference in record 'dynamic_search_ads_search_term_view': Field 'id' - Version 1: '186', Version 2: '157'
Difference in record 'dynamic_search_ads_search_term_view': Field 'version' - Version 1: '14', Version 2: '15'
Difference in record 'video': Field 'id' - Version 1: '187', Version 2: '129'
Difference in record 'video': Field 'version' - Version 1: '14', Version 2: '15'
Difference in record 'ad_group_ad': Field 'id' - Version 1: '188', Version 2: '127'
Difference in record 'ad_group_ad': Field 'version' - Version 1: '14', Version 2: '15'
Difference in record 'travel_activity_performance_view': Field 'id' - Version 1: '189', Version 2: '138'
Difference in record 'travel_activity_performance_view': Field 'version' - Version 1: '14', Version 2: '15'
Difference in record 'user_location_view': Field 'id' - Version 1: '190', Version 2: '132'
Difference in record 'user_location_view': Field 'version' - Version 1: '14', Version 2: '15'
Difference in record 'webpage_view': Field 'id' - Version 1: '191', Version 2: '130'
Difference in record 'webpage_view': Field 'version' - Version 1: '14', Version 2: '15'
Difference in record 'shopping_performance_view': Field 'id' - Version 1: '192', Version 2: '136'
Difference in record 'shopping_performance_view': Field 'version' - Version 1: '14', Version 2: '15'
Difference in record 'smart_campaign_search_term_view': Field 'id' - Version 1: '193', Version 2: '134'
Difference in record 'smart_campaign_search_term_view': Field 'version' - Version 1: '14', Version 2: '15'
Difference in record 'topic_view': Field 'id' - Version 1: '194', Version 2: '137'
Difference in record 'topic_view': Field 'version' - Version 1: '14', Version 2: '15'
Difference in record 'parental_status_view': Field 'id' - Version 1: '195', Version 2: '140'
Difference in record 'parental_status_view': Field 'version' - Version 1: '14', Version 2: '15'
Difference in record 'search_term_view': Field 'id' - Version 1: '196', Version 2: '135'
Difference in record 'search_term_view': Field 'version' - Version 1: '14', Version 2: '15'
Difference in record 'travel_activity_group_view': Field 'id' - Version 1: '197', Version 2: '131'
Difference in record 'travel_activity_group_view': Field 'version' - Version 1: '14', Version 2: '15'
Difference in record 'per_store_view': Field 'id' - Version 1: '198', Version 2: '141'
Difference in record 'per_store_view': Field 'version' - Version 1: '14', Version 2: '15'
Difference in record 'managed_placement_view': Field 'id' - Version 1: '199', Version 2: '144'
Difference in record 'managed_placement_view': Field 'version' - Version 1: '14', Version 2: '15'
Difference in record 'paid_organic_search_term_view': Field 'id' - Version 1: '200', Version 2: '143'
Difference in record 'paid_organic_search_term_view': Field 'version' - Version 1: '14', Version 2: '15'
Difference in record 'product_group_view': Field 'id' - Version 1: '201', Version 2: '139'
Difference in record 'product_group_view': Field 'version' - Version 1: '14', Version 2: '15'
Difference in record 'location_view': Field 'id' - Version 1: '202', Version 2: '142'
Difference in record 'location_view': Field 'version' - Version 1: '14', Version 2: '15'
Difference in record 'keyword_view': Field 'id' - Version 1: '203', Version 2: '146'
Difference in record 'keyword_view': Field 'version' - Version 1: '14', Version 2: '15'
Difference in record 'hotel_reconciliation': Field 'id' - Version 1: '204', Version 2: '150'
Difference in record 'hotel_reconciliation': Field 'version' - Version 1: '14', Version 2: '15'
Difference in record 'landing_page_view': Field 'id' - Version 1: '205', Version 2: '145'
Difference in record 'landing_page_view': Field 'version' - Version 1: '14', Version 2: '15'
Difference in record 'income_range_view': Field 'id' - Version 1: '206', Version 2: '147'
Difference in record 'income_range_view': Field 'version' - Version 1: '14', Version 2: '15'
Difference in record 'hotel_performance_view': Field 'id' - Version 1: '207', Version 2: '151'
Difference in record 'hotel_performance_view': Field 'version' - Version 1: '14', Version 2: '15'
Difference in record 'group_placement_view': Field 'id' - Version 1: '208', Version 2: '148'
Difference in record 'group_placement_view': Field 'version' - Version 1: '14', Version 2: '15'
Difference in record 'hotel_group_view': Field 'id' - Version 1: '209', Version 2: '149'
Difference in record 'hotel_group_view': Field 'version' - Version 1: '14', Version 2: '15'
Difference in record 'feed_placeholder_view': Field 'id' - Version 1: '210', Version 2: '154'
Difference in record 'feed_placeholder_view': Field 'version' - Version 1: '14', Version 2: '15'
Difference in record 'gender_view': Field 'id' - Version 1: '211', Version 2: '153'
Difference in record 'gender_view': Field 'version' - Version 1: '14', Version 2: '15'
Difference in record 'distance_view': Field 'id' - Version 1: '212', Version 2: '128'
Difference in record 'distance_view': Field 'version' - Version 1: '14', Version 2: '15'
Difference in record 'expanded_landing_page_view': Field 'id' - Version 1: '213', Version 2: '156'
Difference in record 'expanded_landing_page_view': Field 'version' - Version 1: '14', Version 2: '15'
Difference in record 'geographic_view': Field 'id' - Version 1: '214', Version 2: '152'
Difference in record 'geographic_view': Field 'version' - Version 1: '14', Version 2: '15'
Difference in record 'extension_feed_item': Field 'id' - Version 1: '215', Version 2: '155'
Difference in record 'extension_feed_item': Field 'version' - Version 1: '14', Version 2: '15'
Difference in record 'display_keyword_view': Field 'id' - Version 1: '216', Version 2: '159'
Difference in record 'display_keyword_view': Field 'version' - Version 1: '14', Version 2: '15'
Difference in record 'feed_item': Field 'id' - Version 1: '217', Version 2: '158'
Difference in record 'feed_item': Field 'version' - Version 1: '14', Version 2: '15'
Difference in record 'detail_placement_view': Field 'id' - Version 1: '218', Version 2: '161'
Difference in record 'detail_placement_view': Field 'version' - Version 1: '14', Version 2: '15'
Difference in record 'customer_asset': Field 'id' - Version 1: '219', Version 2: '171'
Difference in record 'customer_asset': Field 'version' - Version 1: '14', Version 2: '15'
Difference in record 'conversion_action': Field 'id' - Version 1: '220', Version 2: '163'
Difference in record 'conversion_action': Field 'version' - Version 1: '14', Version 2: '15'
Difference in record 'customer_search_term_insight': Field 'id' - Version 1: '221', Version 2: '160'
Difference in record 'customer_search_term_insight': Field 'version' - Version 1: '14', Version 2: '15'
Difference in record 'click_view': Field 'id' - Version 1: '222', Version 2: '170'
Difference in record 'click_view': Field 'version' - Version 1: '14', Version 2: '15'
Difference in record 'campaign_search_term_insight': Field 'id' - Version 1: '223', Version 2: '162'
Difference in record 'campaign_search_term_insight': Field 'version' - Version 1: '14', Version 2: '15'
Difference in record 'customer': Field 'id' - Version 1: '224', Version 2: '164'
Difference in record 'customer': Field 'version' - Version 1: '14', Version 2: '15'
Difference in record 'campaign_budget': Field 'id' - Version 1: '225', Version 2: '169'
Difference in record 'campaign_budget': Field 'description' - Version 1: 'A campaign budget.', Version 2: 'A campaign budget shared amongst various budget recommendation types.'
Difference in record 'campaign_budget': Field 'version' - Version 1: '14', Version 2: '15'
Difference in record 'campaign_bid_modifier': Field 'id' - Version 1: '226', Version 2: '168'
Difference in record 'campaign_bid_modifier': Field 'version' - Version 1: '14', Version 2: '15'
Difference in record 'campaign_group': Field 'id' - Version 1: '227', Version 2: '165'
Difference in record 'campaign_group': Field 'version' - Version 1: '14', Version 2: '15'
Difference in record 'campaign_audience_view': Field 'id' - Version 1: '228', Version 2: '166'
Difference in record 'campaign_audience_view': Field 'version' - Version 1: '14', Version 2: '15'
Difference in record 'ad_group_extension_setting': Field 'id' - Version 1: '229', Version 2: '7'
Difference in record 'ad_group_extension_setting': Field 'version' - Version 1: '14', Version 2: '15'
Difference in record 'ad_group_feed': Field 'id' - Version 1: '230', Version 2: '6'
Difference in record 'ad_group_feed': Field 'version' - Version 1: '14', Version 2: '15'
Difference in record 'ad_group_customizer': Field 'id' - Version 1: '231', Version 2: '1'
Difference in record 'ad_group_customizer': Field 'version' - Version 1: '14', Version 2: '15'
Difference in record 'ad_group_criterion': Field 'id' - Version 1: '232', Version 2: '5'
Difference in record 'ad_group_criterion': Field 'version' - Version 1: '14', Version 2: '15'
Difference in record 'accessible_bidding_strategy': Field 'id' - Version 1: '233', Version 2: '3'
Difference in record 'accessible_bidding_strategy': Field 'version' - Version 1: '14', Version 2: '15'
Difference in record 'ad_group_criterion_customizer': Field 'id' - Version 1: '234', Version 2: '11'
Difference in record 'ad_group_criterion_customizer': Field 'version' - Version 1: '14', Version 2: '15'
Difference in record 'ad_group_bid_modifier': Field 'id' - Version 1: '235', Version 2: '14'
Difference in record 'ad_group_bid_modifier': Field 'version' - Version 1: '14', Version 2: '15'
Difference in record 'ad_group_criterion_label': Field 'id' - Version 1: '236', Version 2: '2'
Difference in record 'ad_group_criterion_label': Field 'version' - Version 1: '14', Version 2: '15'
Difference in record 'ad_group_asset_set': Field 'id' - Version 1: '237', Version 2: '8'
Difference in record 'ad_group_asset_set': Field 'version' - Version 1: '14', Version 2: '15'
Difference in record 'ad_group_ad_label': Field 'id' - Version 1: '238', Version 2: '12'
Difference in record 'ad_group_ad_label': Field 'version' - Version 1: '14', Version 2: '15'
Difference in record 'account_budget_proposal': Field 'id' - Version 1: '239', Version 2: '13'
Difference in record 'account_budget_proposal': Field 'version' - Version 1: '14', Version 2: '15'
Difference in record 'bidding_seasonality_adjustment': Field 'id' - Version 1: '240', Version 2: '98'
Difference in record 'bidding_seasonality_adjustment': Field 'version' - Version 1: '14', Version 2: '15'
Difference in record 'account_budget': Field 'id' - Version 1: '241', Version 2: '10'
Difference in record 'account_budget': Field 'version' - Version 1: '14', Version 2: '15'
Difference in record 'bidding_data_exclusion': Field 'id' - Version 1: '242', Version 2: '99'
Difference in record 'bidding_data_exclusion': Field 'version' - Version 1: '14', Version 2: '15'
Difference in record 'account_link': Field 'id' - Version 1: '243', Version 2: '9'
Difference in record 'account_link': Field 'version' - Version 1: '14', Version 2: '15'
Difference in record 'topic_constant': Field 'id' - Version 1: '244', Version 2: '21'
Difference in record 'topic_constant': Field 'version' - Version 1: '14', Version 2: '15'
Difference in record 'user_list': Field 'id' - Version 1: '245', Version 2: '17'
Difference in record 'user_list': Field 'version' - Version 1: '14', Version 2: '15'
Difference in record 'user_interest': Field 'id' - Version 1: '246', Version 2: '15'
Difference in record 'user_interest': Field 'version' - Version 1: '14', Version 2: '15'
Difference in record 'shared_criterion': Field 'id' - Version 1: '247', Version 2: '28'
Difference in record 'shared_criterion': Field 'version' - Version 1: '14', Version 2: '15'
Difference in record 'shared_set': Field 'id' - Version 1: '248', Version 2: '22'
Difference in record 'shared_set': Field 'version' - Version 1: '14', Version 2: '15'
Difference in record 'third_party_app_analytics_link': Field 'id' - Version 1: '249', Version 2: '16'
Difference in record 'third_party_app_analytics_link': Field 'version' - Version 1: '14', Version 2: '15'
Difference in record 'qualifying_question': Field 'id' - Version 1: '250', Version 2: '26'
Difference in record 'qualifying_question': Field 'version' - Version 1: '14', Version 2: '15'
Difference in record 'remarketing_action': Field 'id' - Version 1: '251', Version 2: '30'
Difference in record 'remarketing_action': Field 'version' - Version 1: '14', Version 2: '15'
Difference in record 'recommendation': Field 'id' - Version 1: '252', Version 2: '25'
Difference in record 'recommendation': Field 'version' - Version 1: '14', Version 2: '15'
Difference in record 'smart_campaign_setting': Field 'id' - Version 1: '253', Version 2: '18'
Difference in record 'smart_campaign_setting': Field 'version' - Version 1: '14', Version 2: '15'
Difference in record 'ad_group_criterion_simulation': Field 'id' - Version 1: '254', Version 2: '4'
Difference in record 'ad_group_criterion_simulation': Field 'version' - Version 1: '14', Version 2: '15'
Difference in record 'operating_system_version_constant': Field 'id' - Version 1: '255', Version 2: '35'
Difference in record 'operating_system_version_constant': Field 'version' - Version 1: '14', Version 2: '15'
Difference in record 'product_link': Field 'id' - Version 1: '256', Version 2: '27'
Difference in record 'product_link': Field 'version' - Version 1: '14', Version 2: '15'
Difference in record 'mobile_device_constant': Field 'id' - Version 1: '257', Version 2: '32'
Difference in record 'mobile_device_constant': Field 'version' - Version 1: '14', Version 2: '15'
Difference in record 'media_file': Field 'id' - Version 1: '258', Version 2: '36'
Difference in record 'media_file': Field 'version' - Version 1: '14', Version 2: '15'
Difference in record 'offline_user_data_job': Field 'id' - Version 1: '259', Version 2: '31'
Difference in record 'offline_user_data_job': Field 'version' - Version 1: '14', Version 2: '15'
Record with key 'product_bidding_category_constant' not found in version 2.
Difference in record 'life_event': Field 'id' - Version 1: '261', Version 2: '39'
Difference in record 'life_event': Field 'version' - Version 1: '14', Version 2: '15'
Difference in record 'mobile_app_category_constant': Field 'id' - Version 1: '262', Version 2: '34'
Difference in record 'mobile_app_category_constant': Field 'version' - Version 1: '14', Version 2: '15'
Difference in record 'keyword_theme_constant': Field 'id' - Version 1: '263', Version 2: '44'
Difference in record 'keyword_theme_constant': Field 'version' - Version 1: '14', Version 2: '15'
Difference in record 'label': Field 'id' - Version 1: '264', Version 2: '43'
Difference in record 'label': Field 'version' - Version 1: '14', Version 2: '15'
Difference in record 'keyword_plan_campaign': Field 'id' - Version 1: '265', Version 2: '48'
Difference in record 'keyword_plan_campaign': Field 'version' - Version 1: '14', Version 2: '15'
Difference in record 'keyword_plan_campaign_keyword': Field 'id' - Version 1: '266', Version 2: '46'
Difference in record 'keyword_plan_campaign_keyword': Field 'version' - Version 1: '14', Version 2: '15'
Difference in record 'language_constant': Field 'id' - Version 1: '267', Version 2: '41'
Difference in record 'language_constant': Field 'version' - Version 1: '14', Version 2: '15'
Difference in record 'lead_form_submission_data': Field 'id' - Version 1: '268', Version 2: '42'
Difference in record 'lead_form_submission_data': Field 'version' - Version 1: '14', Version 2: '15'
Difference in record 'keyword_plan_ad_group': Field 'id' - Version 1: '269', Version 2: '45'
Difference in record 'keyword_plan_ad_group': Field 'version' - Version 1: '14', Version 2: '15'
Difference in record 'keyword_plan_ad_group_keyword': Field 'id' - Version 1: '270', Version 2: '50'
Difference in record 'keyword_plan_ad_group_keyword': Field 'version' - Version 1: '14', Version 2: '15'
Difference in record 'keyword_plan': Field 'id' - Version 1: '271', Version 2: '49'
Difference in record 'keyword_plan': Field 'version' - Version 1: '14', Version 2: '15'
Difference in record 'geo_target_constant': Field 'id' - Version 1: '272', Version 2: '47'
Difference in record 'geo_target_constant': Field 'version' - Version 1: '14', Version 2: '15'
Difference in record 'feed_item_set_link': Field 'id' - Version 1: '273', Version 2: '80'
Difference in record 'feed_item_set_link': Field 'version' - Version 1: '14', Version 2: '15'
Difference in record 'feed_mapping': Field 'id' - Version 1: '274', Version 2: '52'
Difference in record 'feed_mapping': Field 'version' - Version 1: '14', Version 2: '15'
Difference in record 'experiment_arm': Field 'id' - Version 1: '275', Version 2: '55'
Difference in record 'experiment_arm': Field 'version' - Version 1: '14', Version 2: '15'
Difference in record 'feed_item_set': Field 'id' - Version 1: '276', Version 2: '54'
Difference in record 'feed_item_set': Field 'version' - Version 1: '14', Version 2: '15'
Difference in record 'feed': Field 'id' - Version 1: '277', Version 2: '53'
Difference in record 'feed': Field 'version' - Version 1: '14', Version 2: '15'
Difference in record 'experiment': Field 'id' - Version 1: '278', Version 2: '57'
Difference in record 'experiment': Field 'version' - Version 1: '14', Version 2: '15'
Difference in record 'domain_category': Field 'id' - Version 1: '279', Version 2: '58'
Difference in record 'domain_category': Field 'version' - Version 1: '14', Version 2: '15'
Difference in record 'customer_user_access_invitation': Field 'id' - Version 1: '280', Version 2: '64'
Difference in record 'customer_user_access_invitation': Field 'version' - Version 1: '14', Version 2: '15'
Difference in record 'detailed_demographic': Field 'id' - Version 1: '281', Version 2: '59'
Difference in record 'detailed_demographic': Field 'version' - Version 1: '14', Version 2: '15'
Difference in record 'customer_user_access': Field 'id' - Version 1: '282', Version 2: '60'
Difference in record 'customer_user_access': Field 'version' - Version 1: '14', Version 2: '15'
Difference in record 'customer_negative_criterion': Field 'id' - Version 1: '283', Version 2: '61'
Difference in record 'customer_negative_criterion': Field 'version' - Version 1: '14', Version 2: '15'
Difference in record 'customer_manager_link': Field 'id' - Version 1: '284', Version 2: '62'
Difference in record 'customer_manager_link': Field 'version' - Version 1: '14', Version 2: '15'
Difference in record 'customer_label': Field 'id' - Version 1: '285', Version 2: '65'
Difference in record 'customer_label': Field 'version' - Version 1: '14', Version 2: '15'
Difference in record 'customizer_attribute': Field 'id' - Version 1: '286', Version 2: '56'
Difference in record 'customizer_attribute': Field 'version' - Version 1: '14', Version 2: '15'
Difference in record 'customer_feed': Field 'id' - Version 1: '287', Version 2: '67'
Difference in record 'customer_feed': Field 'version' - Version 1: '14', Version 2: '15'
Difference in record 'customer_extension_setting': Field 'id' - Version 1: '288', Version 2: '66'
Difference in record 'customer_extension_setting': Field 'version' - Version 1: '14', Version 2: '15'
Difference in record 'customer_conversion_goal': Field 'id' - Version 1: '289', Version 2: '74'
Difference in record 'customer_conversion_goal': Field 'version' - Version 1: '14', Version 2: '15'
Difference in record 'feed_item_target': Field 'id' - Version 1: '290', Version 2: '51'
Difference in record 'feed_item_target': Field 'version' - Version 1: '14', Version 2: '15'
Difference in record 'customer_customizer': Field 'id' - Version 1: '291', Version 2: '70'
Difference in record 'customer_customizer': Field 'version' - Version 1: '14', Version 2: '15'
Difference in record 'customer_client_link': Field 'id' - Version 1: '292', Version 2: '68'
Difference in record 'customer_client_link': Field 'version' - Version 1: '14', Version 2: '15'
Difference in record 'customer_asset_set': Field 'id' - Version 1: '293', Version 2: '69'
Difference in record 'customer_asset_set': Field 'version' - Version 1: '14', Version 2: '15'
Difference in record 'customer_client': Field 'id' - Version 1: '294', Version 2: '71'
Difference in record 'customer_client': Field 'version' - Version 1: '14', Version 2: '15'
Difference in record 'custom_interest': Field 'id' - Version 1: '295', Version 2: '72'
Difference in record 'custom_interest': Field 'version' - Version 1: '14', Version 2: '15'
Difference in record 'conversion_value_rule_set': Field 'id' - Version 1: '296', Version 2: '76'
Difference in record 'conversion_value_rule_set': Field 'version' - Version 1: '14', Version 2: '15'
Difference in record 'conversion_goal_campaign_config': Field 'id' - Version 1: '297', Version 2: '81'
Difference in record 'conversion_goal_campaign_config': Field 'version' - Version 1: '14', Version 2: '15'
Difference in record 'currency_constant': Field 'id' - Version 1: '298', Version 2: '75'
Difference in record 'currency_constant': Field 'version' - Version 1: '14', Version 2: '15'
Difference in record 'conversion_value_rule': Field 'id' - Version 1: '299', Version 2: '79'
Difference in record 'conversion_value_rule': Field 'version' - Version 1: '14', Version 2: '15'
Difference in record 'combined_audience': Field 'id' - Version 1: '300', Version 2: '82'
Difference in record 'combined_audience': Field 'version' - Version 1: '14', Version 2: '15'
Difference in record 'custom_audience': Field 'id' - Version 1: '301', Version 2: '77'
Difference in record 'custom_audience': Field 'version' - Version 1: '14', Version 2: '15'
Difference in record 'custom_conversion_goal': Field 'id' - Version 1: '302', Version 2: '73'
Difference in record 'custom_conversion_goal': Field 'version' - Version 1: '14', Version 2: '15'
Difference in record 'conversion_custom_variable': Field 'id' - Version 1: '303', Version 2: '78'
Difference in record 'conversion_custom_variable': Field 'version' - Version 1: '14', Version 2: '15'
Difference in record 'campaign_label': Field 'id' - Version 1: '304', Version 2: '86'
Difference in record 'campaign_label': Field 'version' - Version 1: '14', Version 2: '15'
Difference in record 'change_status': Field 'id' - Version 1: '305', Version 2: '83'
Difference in record 'change_status': Field 'version' - Version 1: '14', Version 2: '15'
Difference in record 'carrier_constant': Field 'id' - Version 1: '306', Version 2: '90'
Difference in record 'carrier_constant': Field 'version' - Version 1: '14', Version 2: '15'
Difference in record 'campaign_simulation': Field 'id' - Version 1: '307', Version 2: '91'
Difference in record 'campaign_simulation': Field 'version' - Version 1: '14', Version 2: '15'
Difference in record 'change_event': Field 'id' - Version 1: '308', Version 2: '84'
Difference in record 'change_event': Field 'version' - Version 1: '14', Version 2: '15'
Difference in record 'campaign_feed': Field 'id' - Version 1: '309', Version 2: '93'
Difference in record 'campaign_feed': Field 'version' - Version 1: '14', Version 2: '15'
Difference in record 'campaign_extension_setting': Field 'id' - Version 1: '310', Version 2: '113'
Difference in record 'campaign_extension_setting': Field 'version' - Version 1: '14', Version 2: '15'
Difference in record 'campaign_customizer': Field 'id' - Version 1: '311', Version 2: '92'
Difference in record 'campaign_customizer': Field 'version' - Version 1: '14', Version 2: '15'
Difference in record 'campaign_shared_set': Field 'id' - Version 1: '312', Version 2: '85'
Difference in record 'campaign_shared_set': Field 'version' - Version 1: '14', Version 2: '15'
Difference in record 'campaign_criterion': Field 'id' - Version 1: '313', Version 2: '89'
Difference in record 'campaign_criterion': Field 'version' - Version 1: '14', Version 2: '15'
Difference in record 'campaign_conversion_goal': Field 'id' - Version 1: '314', Version 2: '94'
Difference in record 'campaign_conversion_goal': Field 'version' - Version 1: '14', Version 2: '15'
Difference in record 'campaign_asset_set': Field 'id' - Version 1: '315', Version 2: '105'
Difference in record 'campaign_asset_set': Field 'version' - Version 1: '14', Version 2: '15'
Difference in record 'billing_setup': Field 'id' - Version 1: '316', Version 2: '95'
Difference in record 'billing_setup': Field 'version' - Version 1: '14', Version 2: '15'
Difference in record 'call_view': Field 'id' - Version 1: '317', Version 2: '97'
Difference in record 'call_view': Field 'version' - Version 1: '14', Version 2: '15'
Difference in record 'audience': Field 'id' - Version 1: '318', Version 2: '20'
Difference in record 'audience': Field 'version' - Version 1: '14', Version 2: '15'
Difference in record 'batch_job': Field 'id' - Version 1: '319', Version 2: '101'
Difference in record 'batch_job': Field 'version' - Version 1: '14', Version 2: '15'
Difference in record 'bidding_strategy_simulation': Field 'id' - Version 1: '320', Version 2: '96'
Difference in record 'bidding_strategy_simulation': Field 'version' - Version 1: '14', Version 2: '15'
Difference in record 'asset_set': Field 'id' - Version 1: '321', Version 2: '19'
Difference in record 'asset_set': Field 'version' - Version 1: '14', Version 2: '15'
Difference in record 'asset_group_signal': Field 'id' - Version 1: '322', Version 2: '100'
Difference in record 'asset_group_signal': Field 'version' - Version 1: '14', Version 2: '15'
Difference in record 'asset_group_asset': Field 'id' - Version 1: '323', Version 2: '102'
Difference in record 'asset_group_asset': Field 'version' - Version 1: '14', Version 2: '15'
Difference in record 'campaign_draft': Field 'id' - Version 1: '324', Version 2: '88'
Difference in record 'campaign_draft': Field 'version' - Version 1: '14', Version 2: '15'
Difference in record 'asset_group_listing_group_filter': Field 'id' - Version 1: '325', Version 2: '104'
Difference in record 'asset_group_listing_group_filter': Field 'version' - Version 1: '14', Version 2: '15'
Difference in record 'asset_group': Field 'id' - Version 1: '326', Version 2: '118'
Difference in record 'asset_group': Field 'with_metrics' - Version 1: '0', Version 2: '1'
Difference in record 'asset_group': Field 'version' - Version 1: '14', Version 2: '15'
Difference in record 'ad_parameter': Field 'id' - Version 1: '327', Version 2: '112'
Difference in record 'ad_parameter': Field 'version' - Version 1: '14', Version 2: '15'
Difference in record 'ad_group_simulation': Field 'id' - Version 1: '328', Version 2: '110'
Difference in record 'ad_group_simulation': Field 'version' - Version 1: '14', Version 2: '15'
Difference in record 'asset': Field 'id' - Version 1: '329', Version 2: '106'
Difference in record 'asset': Field 'version' - Version 1: '14', Version 2: '15'
Difference in record 'ad_group_label': Field 'id' - Version 1: '330', Version 2: '109'
Difference in record 'ad_group_label': Field 'version' - Version 1: '14', Version 2: '15'
